# JRE version: OpenJDK Runtime Environment (8.0_242-b01) (build 1.8.0_242-release-1644-b01)
# Java VM: OpenJDK 64-Bit Server VM (25.242-b01 mixed mode windows-amd64 compressed oops)
Heap:
 PSYoungGen      total 352256K, used 172114K [0x00000000d5580000, 0x00000000ec700000, 0x0000000100000000)
  eden space 327168K, 44% used [0x00000000d5580000,0x00000000de5154f8,0x00000000e9500000)
  from space 25088K, 99% used [0x00000000e9500000,0x00000000ead7f3c8,0x00000000ead80000)
  to   space 18432K, 0% used [0x00000000ead80000,0x00000000ead80000,0x00000000ebf80000)
 ParOldGen       total 215552K, used 49668K [0x0000000080000000, 0x000000008d280000, 0x00000000d5580000)
  object space 215552K, 23% used [0x0000000080000000,0x0000000083081058,0x000000008d280000)
 Metaspace       used 66601K, capacity 69986K, committed 70168K, reserved 1110016K
  class space    used 9118K, capacity 9759K, committed 9776K, reserved 1048576K
GC Heap History (10 events):
Event: 3.670 GC heap before
{Heap before GC invocations=8 (full 2):
 PSYoungGen      total 233984K, used 8398K [0x00000000d5580000, 0x00000000e4b80000, 0x0000000100000000)
  eden space 218112K, 0% used [0x00000000d5580000,0x00000000d5580000,0x00000000e2a80000)
  from space 15872K, 52% used [0x00000000e3900000,0x00000000e4133898,0x00000000e4880000)
  to   space 14848K, 0% used [0x00000000e2a80000,0x00000000e2a80000,0x00000000e3900000)
 ParOldGen       total 92672K, used 10497K [0x0000000080000000, 0x0000000085a80000, 0x00000000d5580000)
  object space 92672K, 11% used [0x0000000080000000,0x0000000080a405f0,0x0000000085a80000)
 Metaspace       used 34346K, capacity 35420K, committed 35496K, reserved 1079296K
  class space    used 4727K, capacity 5003K, committed 5040K, reserved 1048576K
Event: 3.710 GC heap after
Heap after GC invocations=8 (full 2):
 PSYoungGen      total 233984K, used 0K [0x00000000d5580000, 0x00000000e4b80000, 0x0000000100000000)
  eden space 218112K, 0% used [0x00000000d5580000,0x00000000d5580000,0x00000000e2a80000)
  from space 15872K, 0% used [0x00000000e3900000,0x00000000e3900000,0x00000000e4880000)
  to   space 14848K, 0% used [0x00000000e2a80000,0x00000000e2a80000,0x00000000e3900000)
 ParOldGen       total 138752K, used 14759K [0x0000000080000000, 0x0000000088780000, 0x00000000d5580000)
  object space 138752K, 10% used [0x0000000080000000,0x0000000080e69d40,0x0000000088780000)
 Metaspace       used 34346K, capacity 35420K, committed 35496K, reserved 1079296K
  class space    used 4727K, capacity 5003K, committed 5040K, reserved 1048576K
}
Event: 5.358 GC heap before
{Heap before GC invocations=9 (full 2):
 PSYoungGen      total 233984K, used 218112K [0x00000000d5580000, 0x00000000e4b80000, 0x0000000100000000)
  eden space 218112K, 100% used [0x00000000d5580000,0x00000000e2a80000,0x00000000e2a80000)
  from space 15872K, 0% used [0x00000000e3900000,0x00000000e3900000,0x00000000e4880000)
  to   space 14848K, 0% used [0x00000000e2a80000,0x00000000e2a80000,0x00000000e3900000)
 ParOldGen       total 138752K, used 14759K [0x0000000080000000, 0x0000000088780000, 0x00000000d5580000)
  object space 138752K, 10% used [0x0000000080000000,0x0000000080e69d40,0x0000000088780000)
 Metaspace       used 46114K, capacity 47914K, committed 48168K, reserved 1091584K
  class space    used 6241K, capacity 6617K, committed 6704K, reserved 1048576K
Event: 5.378 GC heap after
Heap after GC invocations=9 (full 2):
 PSYoungGen      total 232960K, used 14847K [0x00000000d5580000, 0x00000000ebf80000, 0x0000000100000000)
  eden space 218112K, 0% used [0x00000000d5580000,0x00000000d5580000,0x00000000e2a80000)
  from space 14848K, 99% used [0x00000000e2a80000,0x00000000e38ffc60,0x00000000e3900000)
  to   space 18432K, 0% used [0x00000000ead80000,0x00000000ead80000,0x00000000ebf80000)
 ParOldGen       total 138752K, used 17757K [0x0000000080000000, 0x0000000088780000, 0x00000000d5580000)
  object space 138752K, 12% used [0x0000000080000000,0x00000000811577f0,0x0000000088780000)
 Metaspace       used 46114K, capacity 47914K, committed 48168K, reserved 1091584K
  class space    used 6241K, capacity 6617K, committed 6704K, reserved 1048576K
}
Event: 7.239 GC heap before
{Heap before GC invocations=10 (full 2):
 PSYoungGen      total 232960K, used 184137K [0x00000000d5580000, 0x00000000ebf80000, 0x0000000100000000)
  eden space 218112K, 77% used [0x00000000d5580000,0x00000000dfad2958,0x00000000e2a80000)
  from space 14848K, 99% used [0x00000000e2a80000,0x00000000e38ffc60,0x00000000e3900000)
  to   space 18432K, 0% used [0x00000000ead80000,0x00000000ead80000,0x00000000ebf80000)
 ParOldGen       total 138752K, used 17757K [0x0000000080000000, 0x0000000088780000, 0x00000000d5580000)
  object space 138752K, 12% used [0x0000000080000000,0x00000000811577f0,0x0000000088780000)
 Metaspace       used 56512K, capacity 58892K, committed 59160K, reserved 1099776K
  class space    used 7731K, capacity 8210K, committed 8240K, reserved 1048576K
Event: 7.269 GC heap after
Heap after GC invocations=10 (full 2):
 PSYoungGen      total 345600K, used 18412K [0x00000000d5580000, 0x00000000ec700000, 0x0000000100000000)
  eden space 327168K, 0% used [0x00000000d5580000,0x00000000d5580000,0x00000000e9500000)
  from space 18432K, 99% used [0x00000000ead80000,0x00000000ebf7b310,0x00000000ebf80000)
  to   space 25088K, 0% used [0x00000000e9500000,0x00000000e9500000,0x00000000ead80000)
 ParOldGen       total 138752K, used 26526K [0x0000000080000000, 0x0000000088780000, 0x00000000d5580000)
  object space 138752K, 19% used [0x0000000080000000,0x00000000819e79a8,0x0000000088780000)
 Metaspace       used 56512K, capacity 58892K, committed 59160K, reserved 1099776K
  class space    used 7731K, capacity 8210K, committed 8240K, reserved 1048576K
}
Event: 7.269 GC heap before
{Heap before GC invocations=11 (full 3):
 PSYoungGen      total 345600K, used 18412K [0x00000000d5580000, 0x00000000ec700000, 0x0000000100000000)
  eden space 327168K, 0% used [0x00000000d5580000,0x00000000d5580000,0x00000000e9500000)
  from space 18432K, 99% used [0x00000000ead80000,0x00000000ebf7b310,0x00000000ebf80000)
  to   space 25088K, 0% used [0x00000000e9500000,0x00000000e9500000,0x00000000ead80000)
 ParOldGen       total 138752K, used 26526K [0x0000000080000000, 0x0000000088780000, 0x00000000d5580000)
  object space 138752K, 19% used [0x0000000080000000,0x00000000819e79a8,0x0000000088780000)
 Metaspace       used 56512K, capacity 58892K, committed 59160K, reserved 1099776K
  class space    used 7731K, capacity 8210K, committed 8240K, reserved 1048576K
Event: 7.595 GC heap after
Heap after GC invocations=11 (full 3):
 PSYoungGen      total 345600K, used 0K [0x00000000d5580000, 0x00000000ec700000, 0x0000000100000000)
  eden space 327168K, 0% used [0x00000000d5580000,0x00000000d5580000,0x00000000e9500000)
  from space 18432K, 0% used [0x00000000ead80000,0x00000000ead80000,0x00000000ebf80000)
  to   space 25088K, 0% used [0x00000000e9500000,0x00000000e9500000,0x00000000ead80000)
 ParOldGen       total 215552K, used 39032K [0x0000000080000000, 0x000000008d280000, 0x00000000d5580000)
  object space 215552K, 18% used [0x0000000080000000,0x000000008261e3f0,0x000000008d280000)
 Metaspace       used 56485K, capacity 58802K, committed 59160K, reserved 1099776K
  class space    used 7723K, capacity 8195K, committed 8240K, reserved 1048576K
}
Event: 11.840 GC heap before
{Heap before GC invocations=12 (full 3):
 PSYoungGen      total 345600K, used 327168K [0x00000000d5580000, 0x00000000ec700000, 0x0000000100000000)
  eden space 327168K, 100% used [0x00000000d5580000,0x00000000e9500000,0x00000000e9500000)
  from space 18432K, 0% used [0x00000000ead80000,0x00000000ead80000,0x00000000ebf80000)
  to   space 25088K, 0% used [0x00000000e9500000,0x00000000e9500000,0x00000000ead80000)
 ParOldGen       total 215552K, used 39032K [0x0000000080000000, 0x000000008d280000, 0x00000000d5580000)
  object space 215552K, 18% used [0x0000000080000000,0x000000008261e3f0,0x000000008d280000)
 Metaspace       used 65399K, capacity 68690K, committed 68760K, reserved 1107968K
  class space    used 8997K, capacity 9633K, committed 9648K, reserved 1048576K
Event: 11.876 GC heap after
Heap after GC invocations=12 (full 3):
 PSYoungGen      total 352256K, used 25084K [0x00000000d5580000, 0x00000000ec700000, 0x0000000100000000)
  eden space 327168K, 0% used [0x00000000d5580000,0x00000000d5580000,0x00000000e9500000)
  from space 25088K, 99% used [0x00000000e9500000,0x00000000ead7f3c8,0x00000000ead80000)
  to   space 18432K, 0% used [0x00000000ead80000,0x00000000ead80000,0x00000000ebf80000)
 ParOldGen       total 215552K, used 49668K [0x0000000080000000, 0x000000008d280000, 0x00000000d5580000)
  object space 215552K, 23% used [0x0000000080000000,0x0000000083081058,0x000000008d280000)
 Metaspace       used 65399K, capacity 68690K, committed 68760K, reserved 1107968K
  class space    used 8997K, capacity 9633K, committed 9648K, reserved 1048576K
}

