# JRE version: OpenJDK Runtime Environment (8.0_242-b01) (build 1.8.0_242-release-1644-b01)
# Java VM: OpenJDK 64-Bit Server VM (25.242-b01 mixed mode windows-amd64 compressed oops)
Heap:
 PSYoungGen      total 346624K, used 174137K [0x00000000d5580000, 0x00000000f0f80000, 0x0000000100000000)
  eden space 321536K, 46% used [0x00000000d5580000,0x00000000de714d68,0x00000000e8f80000)
  from space 25088K, 99% used [0x00000000e8f80000,0x00000000ea7f99b0,0x00000000ea800000)
  to   space 32768K, 0% used [0x00000000eef80000,0x00000000eef80000,0x00000000f0f80000)
 ParOldGen       total 214016K, used 49028K [0x0000000080000000, 0x000000008d100000, 0x00000000d5580000)
  object space 214016K, 22% used [0x0000000080000000,0x0000000082fe12c8,0x000000008d100000)
 Metaspace       used 66534K, capacity 69828K, committed 69912K, reserved 1110016K
  class space    used 9116K, capacity 9740K, committed 9776K, reserved 1048576K
GC Heap History (10 events):
Event: 3.737 GC heap before
{Heap before GC invocations=8 (full 2):
 PSYoungGen      total 234496K, used 8266K [0x00000000d5580000, 0x00000000e4d00000, 0x0000000100000000)
  eden space 218624K, 0% used [0x00000000d5580000,0x00000000d5580000,0x00000000e2b00000)
  from space 15872K, 52% used [0x00000000e3a00000,0x00000000e4212918,0x00000000e4980000)
  to   space 15360K, 0% used [0x00000000e2b00000,0x00000000e2b00000,0x00000000e3a00000)
 ParOldGen       total 92160K, used 10525K [0x0000000080000000, 0x0000000085a00000, 0x00000000d5580000)
  object space 92160K, 11% used [0x0000000080000000,0x0000000080a47738,0x0000000085a00000)
 Metaspace       used 34334K, capacity 35420K, committed 35496K, reserved 1079296K
  class space    used 4725K, capacity 5003K, committed 5040K, reserved 1048576K
Event: 3.788 GC heap after
Heap after GC invocations=8 (full 2):
 PSYoungGen      total 234496K, used 0K [0x00000000d5580000, 0x00000000e4d00000, 0x0000000100000000)
  eden space 218624K, 0% used [0x00000000d5580000,0x00000000d5580000,0x00000000e2b00000)
  from space 15872K, 0% used [0x00000000e3a00000,0x00000000e3a00000,0x00000000e4980000)
  to   space 15360K, 0% used [0x00000000e2b00000,0x00000000e2b00000,0x00000000e3a00000)
 ParOldGen       total 139776K, used 14701K [0x0000000080000000, 0x0000000088880000, 0x00000000d5580000)
  object space 139776K, 10% used [0x0000000080000000,0x0000000080e5b610,0x0000000088880000)
 Metaspace       used 34334K, capacity 35420K, committed 35496K, reserved 1079296K
  class space    used 4725K, capacity 5003K, committed 5040K, reserved 1048576K
}
Event: 5.569 GC heap before
{Heap before GC invocations=9 (full 2):
 PSYoungGen      total 234496K, used 218624K [0x00000000d5580000, 0x00000000e4d00000, 0x0000000100000000)
  eden space 218624K, 100% used [0x00000000d5580000,0x00000000e2b00000,0x00000000e2b00000)
  from space 15872K, 0% used [0x00000000e3a00000,0x00000000e3a00000,0x00000000e4980000)
  to   space 15360K, 0% used [0x00000000e2b00000,0x00000000e2b00000,0x00000000e3a00000)
 ParOldGen       total 139776K, used 14701K [0x0000000080000000, 0x0000000088880000, 0x00000000d5580000)
  object space 139776K, 10% used [0x0000000080000000,0x0000000080e5b610,0x0000000088880000)
 Metaspace       used 46260K, capacity 47984K, committed 48168K, reserved 1091584K
  class space    used 6264K, capacity 6620K, committed 6704K, reserved 1048576K
Event: 5.587 GC heap after
Heap after GC invocations=9 (full 2):
 PSYoungGen      total 233984K, used 15352K [0x00000000d5580000, 0x00000000eba80000, 0x0000000100000000)
  eden space 218624K, 0% used [0x00000000d5580000,0x00000000d5580000,0x00000000e2b00000)
  from space 15360K, 99% used [0x00000000e2b00000,0x00000000e39fe318,0x00000000e3a00000)
  to   space 18944K, 0% used [0x00000000ea800000,0x00000000ea800000,0x00000000eba80000)
 ParOldGen       total 139776K, used 17342K [0x0000000080000000, 0x0000000088880000, 0x00000000d5580000)
  object space 139776K, 12% used [0x0000000080000000,0x00000000810ef8e8,0x0000000088880000)
 Metaspace       used 46260K, capacity 47984K, committed 48168K, reserved 1091584K
  class space    used 6264K, capacity 6620K, committed 6704K, reserved 1048576K
}
Event: 7.202 GC heap before
{Heap before GC invocations=10 (full 2):
 PSYoungGen      total 233984K, used 176384K [0x00000000d5580000, 0x00000000eba80000, 0x0000000100000000)
  eden space 218624K, 73% used [0x00000000d5580000,0x00000000df2c1e50,0x00000000e2b00000)
  from space 15360K, 99% used [0x00000000e2b00000,0x00000000e39fe318,0x00000000e3a00000)
  to   space 18944K, 0% used [0x00000000ea800000,0x00000000ea800000,0x00000000eba80000)
 ParOldGen       total 139776K, used 17342K [0x0000000080000000, 0x0000000088880000, 0x00000000d5580000)
  object space 139776K, 12% used [0x0000000080000000,0x00000000810ef8e8,0x0000000088880000)
 Metaspace       used 56538K, capacity 58966K, committed 59160K, reserved 1099776K
  class space    used 7741K, capacity 8213K, committed 8240K, reserved 1048576K
Event: 7.236 GC heap after
Heap after GC invocations=10 (full 2):
 PSYoungGen      total 340480K, used 18940K [0x00000000d5580000, 0x00000000ec400000, 0x0000000100000000)
  eden space 321536K, 0% used [0x00000000d5580000,0x00000000d5580000,0x00000000e8f80000)
  from space 18944K, 99% used [0x00000000ea800000,0x00000000eba7f320,0x00000000eba80000)
  to   space 25088K, 0% used [0x00000000e8f80000,0x00000000e8f80000,0x00000000ea800000)
 ParOldGen       total 139776K, used 25506K [0x0000000080000000, 0x0000000088880000, 0x00000000d5580000)
  object space 139776K, 18% used [0x0000000080000000,0x00000000818e8ba8,0x0000000088880000)
 Metaspace       used 56538K, capacity 58966K, committed 59160K, reserved 1099776K
  class space    used 7741K, capacity 8213K, committed 8240K, reserved 1048576K
}
Event: 7.236 GC heap before
{Heap before GC invocations=11 (full 3):
 PSYoungGen      total 340480K, used 18940K [0x00000000d5580000, 0x00000000ec400000, 0x0000000100000000)
  eden space 321536K, 0% used [0x00000000d5580000,0x00000000d5580000,0x00000000e8f80000)
  from space 18944K, 99% used [0x00000000ea800000,0x00000000eba7f320,0x00000000eba80000)
  to   space 25088K, 0% used [0x00000000e8f80000,0x00000000e8f80000,0x00000000ea800000)
 ParOldGen       total 139776K, used 25506K [0x0000000080000000, 0x0000000088880000, 0x00000000d5580000)
  object space 139776K, 18% used [0x0000000080000000,0x00000000818e8ba8,0x0000000088880000)
 Metaspace       used 56538K, capacity 58966K, committed 59160K, reserved 1099776K
  class space    used 7741K, capacity 8213K, committed 8240K, reserved 1048576K
Event: 7.485 GC heap after
Heap after GC invocations=11 (full 3):
 PSYoungGen      total 340480K, used 0K [0x00000000d5580000, 0x00000000ec400000, 0x0000000100000000)
  eden space 321536K, 0% used [0x00000000d5580000,0x00000000d5580000,0x00000000e8f80000)
  from space 18944K, 0% used [0x00000000ea800000,0x00000000ea800000,0x00000000eba80000)
  to   space 25088K, 0% used [0x00000000e8f80000,0x00000000e8f80000,0x00000000ea800000)
 ParOldGen       total 214016K, used 38973K [0x0000000080000000, 0x000000008d100000, 0x00000000d5580000)
  object space 214016K, 18% used [0x0000000080000000,0x000000008260f798,0x000000008d100000)
 Metaspace       used 56506K, capacity 58858K, committed 59160K, reserved 1099776K
  class space    used 7732K, capacity 8195K, committed 8240K, reserved 1048576K
}
Event: 10.531 GC heap before
{Heap before GC invocations=12 (full 3):
 PSYoungGen      total 340480K, used 321536K [0x00000000d5580000, 0x00000000ec400000, 0x0000000100000000)
  eden space 321536K, 100% used [0x00000000d5580000,0x00000000e8f80000,0x00000000e8f80000)
  from space 18944K, 0% used [0x00000000ea800000,0x00000000ea800000,0x00000000eba80000)
  to   space 25088K, 0% used [0x00000000e8f80000,0x00000000e8f80000,0x00000000ea800000)
 ParOldGen       total 214016K, used 38973K [0x0000000080000000, 0x000000008d100000, 0x00000000d5580000)
  object space 214016K, 18% used [0x0000000080000000,0x000000008260f798,0x000000008d100000)
 Metaspace       used 65331K, capacity 68562K, committed 68760K, reserved 1107968K
  class space    used 8988K, capacity 9645K, committed 9648K, reserved 1048576K
Event: 10.561 GC heap after
Heap after GC invocations=12 (full 3):
 PSYoungGen      total 346624K, used 25062K [0x00000000d5580000, 0x00000000f0f80000, 0x0000000100000000)
  eden space 321536K, 0% used [0x00000000d5580000,0x00000000d5580000,0x00000000e8f80000)
  from space 25088K, 99% used [0x00000000e8f80000,0x00000000ea7f99b0,0x00000000ea800000)
  to   space 32768K, 0% used [0x00000000eef80000,0x00000000eef80000,0x00000000f0f80000)
 ParOldGen       total 214016K, used 49028K [0x0000000080000000, 0x000000008d100000, 0x00000000d5580000)
  object space 214016K, 22% used [0x0000000080000000,0x0000000082fe12c8,0x000000008d100000)
 Metaspace       used 65331K, capacity 68562K, committed 68760K, reserved 1107968K
  class space    used 8988K, capacity 9645K, committed 9648K, reserved 1048576K
}

