# JRE version: OpenJDK Runtime Environment (8.0_242-b01) (build 1.8.0_242-release-1644-b01)
# Java VM: OpenJDK 64-Bit Server VM (25.242-b01 mixed mode windows-amd64 compressed oops)
Heap:
 PSYoungGen      total 277504K, used 108913K [0x00000000d5580000, 0x00000000e9c80000, 0x0000000100000000)
  eden space 246784K, 44% used [0x00000000d5580000,0x00000000dbff1a48,0x00000000e4680000)
  from space 30720K, 0% used [0x00000000e7e80000,0x00000000e7e80000,0x00000000e9c80000)
  to   space 44032K, 0% used [0x00000000e4680000,0x00000000e4680000,0x00000000e7180000)
 ParOldGen       total 358400K, used 67101K [0x0000000080000000, 0x0000000095e00000, 0x00000000d5580000)
  object space 358400K, 18% used [0x0000000080000000,0x0000000084187528,0x0000000095e00000)
 Metaspace       used 93036K, capacity 98010K, committed 98600K, reserved 1134592K
  class space    used 12190K, capacity 13096K, committed 13232K, reserved 1048576K
GC Heap History (10 events):
Event: 381.901 GC heap before
{Heap before GC invocations=20 (full 3):
 PSYoungGen      total 304128K, used 299264K [0x00000000d5580000, 0x00000000eaf80000, 0x0000000100000000)
  eden space 268800K, 100% used [0x00000000d5580000,0x00000000e5c00000,0x00000000e5c00000)
  from space 35328K, 86% used [0x00000000e8200000,0x00000000e9fc03d0,0x00000000ea480000)
  to   space 38912K, 0% used [0x00000000e5c00000,0x00000000e5c00000,0x00000000e8200000)
 ParOldGen       total 228352K, used 56973K [0x0000000080000000, 0x000000008df00000, 0x00000000d5580000)
  object space 228352K, 24% used [0x0000000080000000,0x00000000837a3408,0x000000008df00000)
 Metaspace       used 89903K, capacity 94976K, committed 95128K, reserved 1132544K
  class space    used 11983K, capacity 12849K, committed 12976K, reserved 1048576K
Event: 381.933 GC heap after
Heap after GC invocations=20 (full 3):
 PSYoungGen      total 307712K, used 30060K [0x00000000d5580000, 0x00000000ec080000, 0x0000000100000000)
  eden space 268800K, 0% used [0x00000000d5580000,0x00000000d5580000,0x00000000e5c00000)
  from space 38912K, 77% used [0x00000000e5c00000,0x00000000e795b2f8,0x00000000e8200000)
  to   space 40960K, 0% used [0x00000000e9880000,0x00000000e9880000,0x00000000ec080000)
 ParOldGen       total 228352K, used 56981K [0x0000000080000000, 0x000000008df00000, 0x00000000d5580000)
  object space 228352K, 24% used [0x0000000080000000,0x00000000837a5408,0x000000008df00000)
 Metaspace       used 89903K, capacity 94976K, committed 95128K, reserved 1132544K
  class space    used 11983K, capacity 12849K, committed 12976K, reserved 1048576K
}
Event: 748.330 GC heap before
{Heap before GC invocations=21 (full 3):
 PSYoungGen      total 307712K, used 298860K [0x00000000d5580000, 0x00000000ec080000, 0x0000000100000000)
  eden space 268800K, 100% used [0x00000000d5580000,0x00000000e5c00000,0x00000000e5c00000)
  from space 38912K, 77% used [0x00000000e5c00000,0x00000000e795b2f8,0x00000000e8200000)
  to   space 40960K, 0% used [0x00000000e9880000,0x00000000e9880000,0x00000000ec080000)
 ParOldGen       total 228352K, used 56981K [0x0000000080000000, 0x000000008df00000, 0x00000000d5580000)
  object space 228352K, 24% used [0x0000000080000000,0x00000000837a5408,0x000000008df00000)
 Metaspace       used 91190K, capacity 96354K, committed 96408K, reserved 1132544K
  class space    used 12094K, capacity 12970K, committed 12976K, reserved 1048576K
Event: 748.362 GC heap after
Heap after GC invocations=21 (full 3):
 PSYoungGen      total 299520K, used 37975K [0x00000000d5580000, 0x00000000ebe00000, 0x0000000100000000)
  eden space 261120K, 0% used [0x00000000d5580000,0x00000000d5580000,0x00000000e5480000)
  from space 38400K, 98% used [0x00000000e9880000,0x00000000ebd95c80,0x00000000ebe00000)
  to   space 46080K, 0% used [0x00000000e6400000,0x00000000e6400000,0x00000000e9100000)
 ParOldGen       total 228352K, used 56989K [0x0000000080000000, 0x000000008df00000, 0x00000000d5580000)
  object space 228352K, 24% used [0x0000000080000000,0x00000000837a7408,0x000000008df00000)
 Metaspace       used 91190K, capacity 96354K, committed 96408K, reserved 1132544K
  class space    used 12094K, capacity 12970K, committed 12976K, reserved 1048576K
}
Event: 751.535 GC heap before
{Heap before GC invocations=22 (full 3):
 PSYoungGen      total 299520K, used 299095K [0x00000000d5580000, 0x00000000ebe00000, 0x0000000100000000)
  eden space 261120K, 100% used [0x00000000d5580000,0x00000000e5480000,0x00000000e5480000)
  from space 38400K, 98% used [0x00000000e9880000,0x00000000ebd95c80,0x00000000ebe00000)
  to   space 46080K, 0% used [0x00000000e6400000,0x00000000e6400000,0x00000000e9100000)
 ParOldGen       total 228352K, used 56989K [0x0000000080000000, 0x000000008df00000, 0x00000000d5580000)
  object space 228352K, 24% used [0x0000000080000000,0x00000000837a7408,0x000000008df00000)
 Metaspace       used 92780K, capacity 98042K, committed 98200K, reserved 1134592K
  class space    used 12234K, capacity 13160K, committed 13232K, reserved 1048576K
Event: 751.558 GC heap after
Heap after GC invocations=22 (full 3):
 PSYoungGen      total 281088K, used 26785K [0x00000000d5580000, 0x00000000ea680000, 0x0000000100000000)
  eden space 253952K, 0% used [0x00000000d5580000,0x00000000d5580000,0x00000000e4d80000)
  from space 27136K, 98% used [0x00000000e6400000,0x00000000e7e28608,0x00000000e7e80000)
  to   space 40960K, 0% used [0x00000000e7e80000,0x00000000e7e80000,0x00000000ea680000)
 ParOldGen       total 228352K, used 56997K [0x0000000080000000, 0x000000008df00000, 0x00000000d5580000)
  object space 228352K, 24% used [0x0000000080000000,0x00000000837a9408,0x000000008df00000)
 Metaspace       used 92780K, capacity 98042K, committed 98200K, reserved 1134592K
  class space    used 12234K, capacity 13160K, committed 13232K, reserved 1048576K
}
Event: 828.540 GC heap before
{Heap before GC invocations=23 (full 3):
 PSYoungGen      total 281088K, used 150467K [0x00000000d5580000, 0x00000000ea680000, 0x0000000100000000)
  eden space 253952K, 48% used [0x00000000d5580000,0x00000000dce48830,0x00000000e4d80000)
  from space 27136K, 98% used [0x00000000e6400000,0x00000000e7e28608,0x00000000e7e80000)
  to   space 40960K, 0% used [0x00000000e7e80000,0x00000000e7e80000,0x00000000ea680000)
 ParOldGen       total 228352K, used 56997K [0x0000000080000000, 0x000000008df00000, 0x00000000d5580000)
  object space 228352K, 24% used [0x0000000080000000,0x00000000837a9408,0x000000008df00000)
 Metaspace       used 93163K, capacity 98578K, committed 98600K, reserved 1134592K
  class space    used 12255K, capacity 13210K, committed 13232K, reserved 1048576K
Event: 828.569 GC heap after
Heap after GC invocations=23 (full 3):
 PSYoungGen      total 277504K, used 23861K [0x00000000d5580000, 0x00000000e9c80000, 0x0000000100000000)
  eden space 246784K, 0% used [0x00000000d5580000,0x00000000d5580000,0x00000000e4680000)
  from space 30720K, 77% used [0x00000000e7e80000,0x00000000e95cd410,0x00000000e9c80000)
  to   space 44032K, 0% used [0x00000000e4680000,0x00000000e4680000,0x00000000e7180000)
 ParOldGen       total 228352K, used 57005K [0x0000000080000000, 0x000000008df00000, 0x00000000d5580000)
  object space 228352K, 24% used [0x0000000080000000,0x00000000837ab408,0x000000008df00000)
 Metaspace       used 93163K, capacity 98578K, committed 98600K, reserved 1134592K
  class space    used 12255K, capacity 13210K, committed 13232K, reserved 1048576K
}
Event: 828.569 GC heap before
{Heap before GC invocations=24 (full 4):
 PSYoungGen      total 277504K, used 23861K [0x00000000d5580000, 0x00000000e9c80000, 0x0000000100000000)
  eden space 246784K, 0% used [0x00000000d5580000,0x00000000d5580000,0x00000000e4680000)
  from space 30720K, 77% used [0x00000000e7e80000,0x00000000e95cd410,0x00000000e9c80000)
  to   space 44032K, 0% used [0x00000000e4680000,0x00000000e4680000,0x00000000e7180000)
 ParOldGen       total 228352K, used 57005K [0x0000000080000000, 0x000000008df00000, 0x00000000d5580000)
  object space 228352K, 24% used [0x0000000080000000,0x00000000837ab408,0x000000008df00000)
 Metaspace       used 93163K, capacity 98578K, committed 98600K, reserved 1134592K
  class space    used 12255K, capacity 13210K, committed 13232K, reserved 1048576K
Event: 828.784 GC heap after
Heap after GC invocations=24 (full 4):
 PSYoungGen      total 277504K, used 0K [0x00000000d5580000, 0x00000000e9c80000, 0x0000000100000000)
  eden space 246784K, 0% used [0x00000000d5580000,0x00000000d5580000,0x00000000e4680000)
  from space 30720K, 0% used [0x00000000e7e80000,0x00000000e7e80000,0x00000000e9c80000)
  to   space 44032K, 0% used [0x00000000e4680000,0x00000000e4680000,0x00000000e7180000)
 ParOldGen       total 358400K, used 67101K [0x0000000080000000, 0x0000000095e00000, 0x00000000d5580000)
  object space 358400K, 18% used [0x0000000080000000,0x0000000084187528,0x0000000095e00000)
 Metaspace       used 92896K, capacity 97804K, committed 98600K, reserved 1134592K
  class space    used 12172K, capacity 13063K, committed 13232K, reserved 1048576K
}

