# JRE version: OpenJDK Runtime Environment (8.0_242-b01) (build 1.8.0_242-release-1644-b01)
# Java VM: OpenJDK 64-Bit Server VM (25.242-b01 mixed mode windows-amd64 compressed oops)
Heap:
 PSYoungGen      total 334336K, used 236210K [0x00000000d5580000, 0x00000000ec280000, 0x0000000100000000)
  eden space 315904K, 74% used [0x00000000d5580000,0x00000000e3c2cbf0,0x00000000e8a00000)
  from space 18432K, 0% used [0x00000000ea280000,0x00000000ea280000,0x00000000eb480000)
  to   space 25088K, 0% used [0x00000000e8a00000,0x00000000e8a00000,0x00000000ea280000)
 ParOldGen       total 223744K, used 39512K [0x0000000080000000, 0x000000008da80000, 0x00000000d5580000)
  object space 223744K, 17% used [0x0000000080000000,0x0000000082696070,0x000000008da80000)
 Metaspace       used 67430K, capacity 70540K, committed 70568K, reserved 1110016K
  class space    used 9265K, capacity 9876K, committed 9904K, reserved 1048576K
GC Heap History (10 events):
Event: 5.534 GC heap before
{Heap before GC invocations=7 (full 1):
 PSYoungGen      total 140800K, used 42562K [0x00000000d5580000, 0x00000000e4400000, 0x0000000100000000)
  eden space 130048K, 24% used [0x00000000d5580000,0x00000000d7496c20,0x00000000dd480000)
  from space 10752K, 99% used [0x00000000dd480000,0x00000000ddef9cf0,0x00000000ddf00000)
  to   space 15872K, 0% used [0x00000000e3480000,0x00000000e3480000,0x00000000e4400000)
 ParOldGen       total 95232K, used 10476K [0x0000000080000000, 0x0000000085d00000, 0x00000000d5580000)
  object space 95232K, 11% used [0x0000000080000000,0x0000000080a3b1d8,0x0000000085d00000)
 Metaspace       used 34287K, capacity 35398K, committed 35496K, reserved 1079296K
  class space    used 4721K, capacity 5002K, committed 5040K, reserved 1048576K
Event: 5.550 GC heap after
Heap after GC invocations=7 (full 1):
 PSYoungGen      total 228864K, used 8166K [0x00000000d5580000, 0x00000000e4a00000, 0x0000000100000000)
  eden space 212992K, 0% used [0x00000000d5580000,0x00000000d5580000,0x00000000e2580000)
  from space 15872K, 51% used [0x00000000e3480000,0x00000000e3c79888,0x00000000e4400000)
  to   space 15360K, 0% used [0x00000000e2580000,0x00000000e2580000,0x00000000e3480000)
 ParOldGen       total 95232K, used 10484K [0x0000000080000000, 0x0000000085d00000, 0x00000000d5580000)
  object space 95232K, 11% used [0x0000000080000000,0x0000000080a3d1d8,0x0000000085d00000)
 Metaspace       used 34287K, capacity 35398K, committed 35496K, reserved 1079296K
  class space    used 4721K, capacity 5002K, committed 5040K, reserved 1048576K
}
Event: 5.550 GC heap before
{Heap before GC invocations=8 (full 2):
 PSYoungGen      total 228864K, used 8166K [0x00000000d5580000, 0x00000000e4a00000, 0x0000000100000000)
  eden space 212992K, 0% used [0x00000000d5580000,0x00000000d5580000,0x00000000e2580000)
  from space 15872K, 51% used [0x00000000e3480000,0x00000000e3c79888,0x00000000e4400000)
  to   space 15360K, 0% used [0x00000000e2580000,0x00000000e2580000,0x00000000e3480000)
 ParOldGen       total 95232K, used 10484K [0x0000000080000000, 0x0000000085d00000, 0x00000000d5580000)
  object space 95232K, 11% used [0x0000000080000000,0x0000000080a3d1d8,0x0000000085d00000)
 Metaspace       used 34287K, capacity 35398K, committed 35496K, reserved 1079296K
  class space    used 4721K, capacity 5002K, committed 5040K, reserved 1048576K
Event: 5.618 GC heap after
Heap after GC invocations=8 (full 2):
 PSYoungGen      total 228864K, used 0K [0x00000000d5580000, 0x00000000e4a00000, 0x0000000100000000)
  eden space 212992K, 0% used [0x00000000d5580000,0x00000000d5580000,0x00000000e2580000)
  from space 15872K, 0% used [0x00000000e3480000,0x00000000e3480000,0x00000000e4400000)
  to   space 15360K, 0% used [0x00000000e2580000,0x00000000e2580000,0x00000000e3480000)
 ParOldGen       total 143360K, used 14642K [0x0000000080000000, 0x0000000088c00000, 0x00000000d5580000)
  object space 143360K, 10% used [0x0000000080000000,0x0000000080e4c9f0,0x0000000088c00000)
 Metaspace       used 34287K, capacity 35398K, committed 35496K, reserved 1079296K
  class space    used 4721K, capacity 5002K, committed 5040K, reserved 1048576K
}
Event: 7.849 GC heap before
{Heap before GC invocations=9 (full 2):
 PSYoungGen      total 228864K, used 212992K [0x00000000d5580000, 0x00000000e4a00000, 0x0000000100000000)
  eden space 212992K, 100% used [0x00000000d5580000,0x00000000e2580000,0x00000000e2580000)
  from space 15872K, 0% used [0x00000000e3480000,0x00000000e3480000,0x00000000e4400000)
  to   space 15360K, 0% used [0x00000000e2580000,0x00000000e2580000,0x00000000e3480000)
 ParOldGen       total 143360K, used 14642K [0x0000000080000000, 0x0000000088c00000, 0x00000000d5580000)
  object space 143360K, 10% used [0x0000000080000000,0x0000000080e4c9f0,0x0000000088c00000)
 Metaspace       used 45650K, capacity 47484K, committed 47784K, reserved 1091584K
  class space    used 6179K, capacity 6550K, committed 6576K, reserved 1048576K
Event: 7.873 GC heap after
Heap after GC invocations=9 (full 2):
 PSYoungGen      total 228352K, used 15331K [0x00000000d5580000, 0x00000000eb480000, 0x0000000100000000)
  eden space 212992K, 0% used [0x00000000d5580000,0x00000000d5580000,0x00000000e2580000)
  from space 15360K, 99% used [0x00000000e2580000,0x00000000e3478f10,0x00000000e3480000)
  to   space 18432K, 0% used [0x00000000ea280000,0x00000000ea280000,0x00000000eb480000)
 ParOldGen       total 143360K, used 16701K [0x0000000080000000, 0x0000000088c00000, 0x00000000d5580000)
  object space 143360K, 11% used [0x0000000080000000,0x000000008104f680,0x0000000088c00000)
 Metaspace       used 45650K, capacity 47484K, committed 47784K, reserved 1091584K
  class space    used 6179K, capacity 6550K, committed 6576K, reserved 1048576K
}
Event: 10.556 GC heap before
{Heap before GC invocations=10 (full 2):
 PSYoungGen      total 228352K, used 184715K [0x00000000d5580000, 0x00000000eb480000, 0x0000000100000000)
  eden space 212992K, 79% used [0x00000000d5580000,0x00000000dfae9d10,0x00000000e2580000)
  from space 15360K, 99% used [0x00000000e2580000,0x00000000e3478f10,0x00000000e3480000)
  to   space 18432K, 0% used [0x00000000ea280000,0x00000000ea280000,0x00000000eb480000)
 ParOldGen       total 143360K, used 16701K [0x0000000080000000, 0x0000000088c00000, 0x00000000d5580000)
  object space 143360K, 11% used [0x0000000080000000,0x000000008104f680,0x0000000088c00000)
 Metaspace       used 56618K, capacity 58972K, committed 59160K, reserved 1099776K
  class space    used 7754K, capacity 8242K, committed 8368K, reserved 1048576K
Event: 10.624 GC heap after
Heap after GC invocations=10 (full 2):
 PSYoungGen      total 334336K, used 18412K [0x00000000d5580000, 0x00000000ec280000, 0x0000000100000000)
  eden space 315904K, 0% used [0x00000000d5580000,0x00000000d5580000,0x00000000e8a00000)
  from space 18432K, 99% used [0x00000000ea280000,0x00000000eb47b320,0x00000000eb480000)
  to   space 25088K, 0% used [0x00000000e8a00000,0x00000000e8a00000,0x00000000ea280000)
 ParOldGen       total 143360K, used 26008K [0x0000000080000000, 0x0000000088c00000, 0x00000000d5580000)
  object space 143360K, 18% used [0x0000000080000000,0x0000000081966188,0x0000000088c00000)
 Metaspace       used 56618K, capacity 58972K, committed 59160K, reserved 1099776K
  class space    used 7754K, capacity 8242K, committed 8368K, reserved 1048576K
}
Event: 10.624 GC heap before
{Heap before GC invocations=11 (full 3):
 PSYoungGen      total 334336K, used 18412K [0x00000000d5580000, 0x00000000ec280000, 0x0000000100000000)
  eden space 315904K, 0% used [0x00000000d5580000,0x00000000d5580000,0x00000000e8a00000)
  from space 18432K, 99% used [0x00000000ea280000,0x00000000eb47b320,0x00000000eb480000)
  to   space 25088K, 0% used [0x00000000e8a00000,0x00000000e8a00000,0x00000000ea280000)
 ParOldGen       total 143360K, used 26008K [0x0000000080000000, 0x0000000088c00000, 0x00000000d5580000)
  object space 143360K, 18% used [0x0000000080000000,0x0000000081966188,0x0000000088c00000)
 Metaspace       used 56618K, capacity 58972K, committed 59160K, reserved 1099776K
  class space    used 7754K, capacity 8242K, committed 8368K, reserved 1048576K
Event: 11.204 GC heap after
Heap after GC invocations=11 (full 3):
 PSYoungGen      total 334336K, used 0K [0x00000000d5580000, 0x00000000ec280000, 0x0000000100000000)
  eden space 315904K, 0% used [0x00000000d5580000,0x00000000d5580000,0x00000000e8a00000)
  from space 18432K, 0% used [0x00000000ea280000,0x00000000ea280000,0x00000000eb480000)
  to   space 25088K, 0% used [0x00000000e8a00000,0x00000000e8a00000,0x00000000ea280000)
 ParOldGen       total 223744K, used 39512K [0x0000000080000000, 0x000000008da80000, 0x00000000d5580000)
  object space 223744K, 17% used [0x0000000080000000,0x0000000082696070,0x000000008da80000)
 Metaspace       used 56592K, capacity 58882K, committed 59160K, reserved 1099776K
  class space    used 7746K, capacity 8227K, committed 8368K, reserved 1048576K
}

