# JRE version: OpenJDK Runtime Environment (8.0_242-b01) (build 1.8.0_242-release-1644-b01)
# Java VM: OpenJDK 64-Bit Server VM (25.242-b01 mixed mode windows-amd64 compressed oops)
Heap:
 PSYoungGen      total 333824K, used 213390K [0x00000000d5580000, 0x00000000ebc00000, 0x0000000100000000)
  eden space 315392K, 67% used [0x00000000d5580000,0x00000000e25e3990,0x00000000e8980000)
  from space 18432K, 0% used [0x00000000ea200000,0x00000000ea200000,0x00000000eb400000)
  to   space 25088K, 0% used [0x00000000e8980000,0x00000000e8980000,0x00000000ea200000)
 ParOldGen       total 142848K, used 39160K [0x0000000080000000, 0x0000000088b80000, 0x00000000d5580000)
  object space 142848K, 27% used [0x0000000080000000,0x000000008263e250,0x0000000088b80000)
 Metaspace       used 64373K, capacity 67668K, committed 67992K, reserved 1107968K
  class space    used 8893K, capacity 9528K, committed 9648K, reserved 1048576K
GC Heap History (10 events):
Event: 3.753 GC heap before
{Heap before GC invocations=7 (full 1):
 PSYoungGen      total 140800K, used 40468K [0x00000000d5580000, 0x00000000e4900000, 0x0000000100000000)
  eden space 130048K, 22% used [0x00000000d5580000,0x00000000d72871e8,0x00000000dd480000)
  from space 10752K, 99% used [0x00000000dd480000,0x00000000ddefe138,0x00000000ddf00000)
  to   space 15872K, 0% used [0x00000000e3980000,0x00000000e3980000,0x00000000e4900000)
 ParOldGen       total 92672K, used 10410K [0x0000000080000000, 0x0000000085a80000, 0x00000000d5580000)
  object space 92672K, 11% used [0x0000000080000000,0x0000000080a2a848,0x0000000085a80000)
 Metaspace       used 34270K, capacity 35398K, committed 35496K, reserved 1079296K
  class space    used 4716K, capacity 5002K, committed 5040K, reserved 1048576K
Event: 3.761 GC heap after
Heap after GC invocations=7 (full 1):
 PSYoungGen      total 233984K, used 8167K [0x00000000d5580000, 0x00000000e4b00000, 0x0000000100000000)
  eden space 218112K, 0% used [0x00000000d5580000,0x00000000d5580000,0x00000000e2a80000)
  from space 15872K, 51% used [0x00000000e3980000,0x00000000e4179ef0,0x00000000e4900000)
  to   space 15360K, 0% used [0x00000000e2a80000,0x00000000e2a80000,0x00000000e3980000)
 ParOldGen       total 92672K, used 10418K [0x0000000080000000, 0x0000000085a80000, 0x00000000d5580000)
  object space 92672K, 11% used [0x0000000080000000,0x0000000080a2c848,0x0000000085a80000)
 Metaspace       used 34270K, capacity 35398K, committed 35496K, reserved 1079296K
  class space    used 4716K, capacity 5002K, committed 5040K, reserved 1048576K
}
Event: 3.761 GC heap before
{Heap before GC invocations=8 (full 2):
 PSYoungGen      total 233984K, used 8167K [0x00000000d5580000, 0x00000000e4b00000, 0x0000000100000000)
  eden space 218112K, 0% used [0x00000000d5580000,0x00000000d5580000,0x00000000e2a80000)
  from space 15872K, 51% used [0x00000000e3980000,0x00000000e4179ef0,0x00000000e4900000)
  to   space 15360K, 0% used [0x00000000e2a80000,0x00000000e2a80000,0x00000000e3980000)
 ParOldGen       total 92672K, used 10418K [0x0000000080000000, 0x0000000085a80000, 0x00000000d5580000)
  object space 92672K, 11% used [0x0000000080000000,0x0000000080a2c848,0x0000000085a80000)
 Metaspace       used 34270K, capacity 35398K, committed 35496K, reserved 1079296K
  class space    used 4716K, capacity 5002K, committed 5040K, reserved 1048576K
Event: 3.813 GC heap after
Heap after GC invocations=8 (full 2):
 PSYoungGen      total 233984K, used 0K [0x00000000d5580000, 0x00000000e4b00000, 0x0000000100000000)
  eden space 218112K, 0% used [0x00000000d5580000,0x00000000d5580000,0x00000000e2a80000)
  from space 15872K, 0% used [0x00000000e3980000,0x00000000e3980000,0x00000000e4900000)
  to   space 15360K, 0% used [0x00000000e2a80000,0x00000000e2a80000,0x00000000e3980000)
 ParOldGen       total 142848K, used 14610K [0x0000000080000000, 0x0000000088b80000, 0x00000000d5580000)
  object space 142848K, 10% used [0x0000000080000000,0x0000000080e448c8,0x0000000088b80000)
 Metaspace       used 34270K, capacity 35398K, committed 35496K, reserved 1079296K
  class space    used 4716K, capacity 5002K, committed 5040K, reserved 1048576K
}
Event: 5.314 GC heap before
{Heap before GC invocations=9 (full 2):
 PSYoungGen      total 233984K, used 218112K [0x00000000d5580000, 0x00000000e4b00000, 0x0000000100000000)
  eden space 218112K, 100% used [0x00000000d5580000,0x00000000e2a80000,0x00000000e2a80000)
  from space 15872K, 0% used [0x00000000e3980000,0x00000000e3980000,0x00000000e4900000)
  to   space 15360K, 0% used [0x00000000e2a80000,0x00000000e2a80000,0x00000000e3980000)
 ParOldGen       total 142848K, used 14610K [0x0000000080000000, 0x0000000088b80000, 0x00000000d5580000)
  object space 142848K, 10% used [0x0000000080000000,0x0000000080e448c8,0x0000000088b80000)
 Metaspace       used 46016K, capacity 47864K, committed 48168K, reserved 1091584K
  class space    used 6225K, capacity 6624K, committed 6704K, reserved 1048576K
Event: 5.332 GC heap after
Heap after GC invocations=9 (full 2):
 PSYoungGen      total 233472K, used 15343K [0x00000000d5580000, 0x00000000eb400000, 0x0000000100000000)
  eden space 218112K, 0% used [0x00000000d5580000,0x00000000d5580000,0x00000000e2a80000)
  from space 15360K, 99% used [0x00000000e2a80000,0x00000000e397bda8,0x00000000e3980000)
  to   space 18432K, 0% used [0x00000000ea200000,0x00000000ea200000,0x00000000eb400000)
 ParOldGen       total 142848K, used 16977K [0x0000000080000000, 0x0000000088b80000, 0x00000000d5580000)
  object space 142848K, 11% used [0x0000000080000000,0x0000000081094520,0x0000000088b80000)
 Metaspace       used 46016K, capacity 47864K, committed 48168K, reserved 1091584K
  class space    used 6225K, capacity 6624K, committed 6704K, reserved 1048576K
}
Event: 6.830 GC heap before
{Heap before GC invocations=10 (full 2):
 PSYoungGen      total 233472K, used 182008K [0x00000000d5580000, 0x00000000eb400000, 0x0000000100000000)
  eden space 218112K, 76% used [0x00000000d5580000,0x00000000df8425b8,0x00000000e2a80000)
  from space 15360K, 99% used [0x00000000e2a80000,0x00000000e397bda8,0x00000000e3980000)
  to   space 18432K, 0% used [0x00000000ea200000,0x00000000ea200000,0x00000000eb400000)
 ParOldGen       total 142848K, used 16977K [0x0000000080000000, 0x0000000088b80000, 0x00000000d5580000)
  object space 142848K, 11% used [0x0000000080000000,0x0000000081094520,0x0000000088b80000)
 Metaspace       used 56537K, capacity 58968K, committed 59160K, reserved 1099776K
  class space    used 7735K, capacity 8216K, committed 8240K, reserved 1048576K
Event: 6.853 GC heap after
Heap after GC invocations=10 (full 2):
 PSYoungGen      total 333824K, used 18412K [0x00000000d5580000, 0x00000000ebc00000, 0x0000000100000000)
  eden space 315392K, 0% used [0x00000000d5580000,0x00000000d5580000,0x00000000e8980000)
  from space 18432K, 99% used [0x00000000ea200000,0x00000000eb3fb310,0x00000000eb400000)
  to   space 25088K, 0% used [0x00000000e8980000,0x00000000e8980000,0x00000000ea200000)
 ParOldGen       total 142848K, used 25879K [0x0000000080000000, 0x0000000088b80000, 0x00000000d5580000)
  object space 142848K, 18% used [0x0000000080000000,0x0000000081945c18,0x0000000088b80000)
 Metaspace       used 56537K, capacity 58968K, committed 59160K, reserved 1099776K
  class space    used 7735K, capacity 8216K, committed 8240K, reserved 1048576K
}
Event: 6.854 GC heap before
{Heap before GC invocations=11 (full 3):
 PSYoungGen      total 333824K, used 18412K [0x00000000d5580000, 0x00000000ebc00000, 0x0000000100000000)
  eden space 315392K, 0% used [0x00000000d5580000,0x00000000d5580000,0x00000000e8980000)
  from space 18432K, 99% used [0x00000000ea200000,0x00000000eb3fb310,0x00000000eb400000)
  to   space 25088K, 0% used [0x00000000e8980000,0x00000000e8980000,0x00000000ea200000)
 ParOldGen       total 142848K, used 25879K [0x0000000080000000, 0x0000000088b80000, 0x00000000d5580000)
  object space 142848K, 18% used [0x0000000080000000,0x0000000081945c18,0x0000000088b80000)
 Metaspace       used 56537K, capacity 58968K, committed 59160K, reserved 1099776K
  class space    used 7735K, capacity 8216K, committed 8240K, reserved 1048576K
Event: 7.100 GC heap after
Heap after GC invocations=11 (full 3):
 PSYoungGen      total 333824K, used 0K [0x00000000d5580000, 0x00000000ebc00000, 0x0000000100000000)
  eden space 315392K, 0% used [0x00000000d5580000,0x00000000d5580000,0x00000000e8980000)
  from space 18432K, 0% used [0x00000000ea200000,0x00000000ea200000,0x00000000eb400000)
  to   space 25088K, 0% used [0x00000000e8980000,0x00000000e8980000,0x00000000ea200000)
 ParOldGen       total 142848K, used 39160K [0x0000000080000000, 0x0000000088b80000, 0x00000000d5580000)
  object space 142848K, 27% used [0x0000000080000000,0x000000008263e250,0x0000000088b80000)
 Metaspace       used 56498K, capacity 58836K, committed 59160K, reserved 1099776K
  class space    used 7722K, capacity 8194K, committed 8240K, reserved 1048576K
}

