# JRE version: OpenJDK Runtime Environment (8.0_242-b01) (build 1.8.0_242-release-1644-b01)
# Java VM: OpenJDK 64-Bit Server VM (25.242-b01 mixed mode windows-amd64 compressed oops)
Heap:
 PSYoungGen      total 589824K, used 154324K [0x00000000d5580000, 0x00000000ff600000, 0x0000000100000000)
  eden space 494080K, 29% used [0x00000000d5580000,0x00000000de56d068,0x00000000f3800000)
  from space 95744K, 7% used [0x00000000f9880000,0x00000000f9f48018,0x00000000ff600000)
  to   space 97280K, 0% used [0x00000000f3800000,0x00000000f3800000,0x00000000f9700000)
 ParOldGen       total 668160K, used 578645K [0x0000000080000000, 0x00000000a8c80000, 0x00000000d5580000)
  object space 668160K, 86% used [0x0000000080000000,0x00000000a35154e0,0x00000000a8c80000)
 Metaspace       used 138940K, capacity 148262K, committed 148480K, reserved 1179648K
  class space    used 17388K, capacity 19125K, committed 19200K, reserved 1048576K
GC Heap History (10 events):
Event: 8073.866 GC heap before
{Heap before GC invocations=89 (full 5):
 PSYoungGen      total 579584K, used 478667K [0x00000000d5580000, 0x00000000ffd00000, 0x0000000100000000)
  eden space 465408K, 100% used [0x00000000d5580000,0x00000000f1c00000,0x00000000f1c00000)
  from space 114176K, 11% used [0x00000000f1c00000,0x00000000f28f2e18,0x00000000f8b80000)
  to   space 112128K, 0% used [0x00000000f8f80000,0x00000000f8f80000,0x00000000ffd00000)
 ParOldGen       total 668160K, used 564134K [0x0000000080000000, 0x00000000a8c80000, 0x00000000d5580000)
  object space 668160K, 84% used [0x0000000080000000,0x00000000a26e9b98,0x00000000a8c80000)
 Metaspace       used 138907K, capacity 148262K, committed 148480K, reserved 1179648K
  class space    used 17388K, capacity 19125K, committed 19200K, reserved 1048576K
Event: 8073.890 GC heap after
Heap after GC invocations=89 (full 5):
 PSYoungGen      total 581632K, used 7015K [0x00000000d5580000, 0x00000000ffa00000, 0x0000000100000000)
  eden space 472576K, 0% used [0x00000000d5580000,0x00000000d5580000,0x00000000f2300000)
  from space 109056K, 6% used [0x00000000f8f80000,0x00000000f9659c28,0x00000000ffa00000)
  to   space 110080K, 0% used [0x00000000f2300000,0x00000000f2300000,0x00000000f8e80000)
 ParOldGen       total 668160K, used 570393K [0x0000000080000000, 0x00000000a8c80000, 0x00000000d5580000)
  object space 668160K, 85% used [0x0000000080000000,0x00000000a2d064a8,0x00000000a8c80000)
 Metaspace       used 138907K, capacity 148262K, committed 148480K, reserved 1179648K
  class space    used 17388K, capacity 19125K, committed 19200K, reserved 1048576K
}
Event: 8075.138 GC heap before
{Heap before GC invocations=90 (full 5):
 PSYoungGen      total 581632K, used 479591K [0x00000000d5580000, 0x00000000ffa00000, 0x0000000100000000)
  eden space 472576K, 100% used [0x00000000d5580000,0x00000000f2300000,0x00000000f2300000)
  from space 109056K, 6% used [0x00000000f8f80000,0x00000000f9659c28,0x00000000ffa00000)
  to   space 110080K, 0% used [0x00000000f2300000,0x00000000f2300000,0x00000000f8e80000)
 ParOldGen       total 668160K, used 570393K [0x0000000080000000, 0x00000000a8c80000, 0x00000000d5580000)
  object space 668160K, 85% used [0x0000000080000000,0x00000000a2d064a8,0x00000000a8c80000)
 Metaspace       used 138920K, capacity 148262K, committed 148480K, reserved 1179648K
  class space    used 17388K, capacity 19125K, committed 19200K, reserved 1048576K
Event: 8075.155 GC heap after
Heap after GC invocations=90 (full 5):
 PSYoungGen      total 582656K, used 5163K [0x00000000d5580000, 0x00000000ffd00000, 0x0000000100000000)
  eden space 472576K, 0% used [0x00000000d5580000,0x00000000d5580000,0x00000000f2300000)
  from space 110080K, 4% used [0x00000000f2300000,0x00000000f280af20,0x00000000f8e80000)
  to   space 108032K, 0% used [0x00000000f9380000,0x00000000f9380000,0x00000000ffd00000)
 ParOldGen       total 668160K, used 572029K [0x0000000080000000, 0x00000000a8c80000, 0x00000000d5580000)
  object space 668160K, 85% used [0x0000000080000000,0x00000000a2e9f430,0x00000000a8c80000)
 Metaspace       used 138920K, capacity 148262K, committed 148480K, reserved 1179648K
  class space    used 17388K, capacity 19125K, committed 19200K, reserved 1048576K
}
Event: 8076.165 GC heap before
{Heap before GC invocations=91 (full 5):
 PSYoungGen      total 582656K, used 477739K [0x00000000d5580000, 0x00000000ffd00000, 0x0000000100000000)
  eden space 472576K, 100% used [0x00000000d5580000,0x00000000f2300000,0x00000000f2300000)
  from space 110080K, 4% used [0x00000000f2300000,0x00000000f280af20,0x00000000f8e80000)
  to   space 108032K, 0% used [0x00000000f9380000,0x00000000f9380000,0x00000000ffd00000)
 ParOldGen       total 668160K, used 572029K [0x0000000080000000, 0x00000000a8c80000, 0x00000000d5580000)
  object space 668160K, 85% used [0x0000000080000000,0x00000000a2e9f430,0x00000000a8c80000)
 Metaspace       used 138929K, capacity 148262K, committed 148480K, reserved 1179648K
  class space    used 17388K, capacity 19125K, committed 19200K, reserved 1048576K
Event: 8076.187 GC heap after
Heap after GC invocations=91 (full 5):
 PSYoungGen      total 582656K, used 9583K [0x00000000d5580000, 0x00000000ff700000, 0x0000000100000000)
  eden space 480768K, 0% used [0x00000000d5580000,0x00000000d5580000,0x00000000f2b00000)
  from space 101888K, 9% used [0x00000000f9380000,0x00000000f9cdbd68,0x00000000ff700000)
  to   space 104448K, 0% used [0x00000000f2b00000,0x00000000f2b00000,0x00000000f9100000)
 ParOldGen       total 668160K, used 573932K [0x0000000080000000, 0x00000000a8c80000, 0x00000000d5580000)
  object space 668160K, 85% used [0x0000000080000000,0x00000000a307b128,0x00000000a8c80000)
 Metaspace       used 138929K, capacity 148262K, committed 148480K, reserved 1179648K
  class space    used 17388K, capacity 19125K, committed 19200K, reserved 1048576K
}
Event: 8077.287 GC heap before
{Heap before GC invocations=92 (full 5):
 PSYoungGen      total 582656K, used 490351K [0x00000000d5580000, 0x00000000ff700000, 0x0000000100000000)
  eden space 480768K, 100% used [0x00000000d5580000,0x00000000f2b00000,0x00000000f2b00000)
  from space 101888K, 9% used [0x00000000f9380000,0x00000000f9cdbd68,0x00000000ff700000)
  to   space 104448K, 0% used [0x00000000f2b00000,0x00000000f2b00000,0x00000000f9100000)
 ParOldGen       total 668160K, used 573932K [0x0000000080000000, 0x00000000a8c80000, 0x00000000d5580000)
  object space 668160K, 85% used [0x0000000080000000,0x00000000a307b128,0x00000000a8c80000)
 Metaspace       used 138932K, capacity 148262K, committed 148480K, reserved 1179648K
  class space    used 17388K, capacity 19125K, committed 19200K, reserved 1048576K
Event: 8077.306 GC heap after
Heap after GC invocations=92 (full 5):
 PSYoungGen      total 585216K, used 11079K [0x00000000d5580000, 0x00000000ffa80000, 0x0000000100000000)
  eden space 480768K, 0% used [0x00000000d5580000,0x00000000d5580000,0x00000000f2b00000)
  from space 104448K, 10% used [0x00000000f2b00000,0x00000000f35d1ca0,0x00000000f9100000)
  to   space 100352K, 0% used [0x00000000f9880000,0x00000000f9880000,0x00000000ffa80000)
 ParOldGen       total 668160K, used 578645K [0x0000000080000000, 0x00000000a8c80000, 0x00000000d5580000)
  object space 668160K, 86% used [0x0000000080000000,0x00000000a35154e0,0x00000000a8c80000)
 Metaspace       used 138932K, capacity 148262K, committed 148480K, reserved 1179648K
  class space    used 17388K, capacity 19125K, committed 19200K, reserved 1048576K
}
Event: 8079.766 GC heap before
{Heap before GC invocations=93 (full 5):
 PSYoungGen      total 585216K, used 491847K [0x00000000d5580000, 0x00000000ffa80000, 0x0000000100000000)
  eden space 480768K, 100% used [0x00000000d5580000,0x00000000f2b00000,0x00000000f2b00000)
  from space 104448K, 10% used [0x00000000f2b00000,0x00000000f35d1ca0,0x00000000f9100000)
  to   space 100352K, 0% used [0x00000000f9880000,0x00000000f9880000,0x00000000ffa80000)
 ParOldGen       total 668160K, used 578645K [0x0000000080000000, 0x00000000a8c80000, 0x00000000d5580000)
  object space 668160K, 86% used [0x0000000080000000,0x00000000a35154e0,0x00000000a8c80000)
 Metaspace       used 138935K, capacity 148262K, committed 148480K, reserved 1179648K
  class space    used 17388K, capacity 19125K, committed 19200K, reserved 1048576K
Event: 8079.791 GC heap after
Heap after GC invocations=93 (full 5):
 PSYoungGen      total 589824K, used 6944K [0x00000000d5580000, 0x00000000ff600000, 0x0000000100000000)
  eden space 494080K, 0% used [0x00000000d5580000,0x00000000d5580000,0x00000000f3800000)
  from space 95744K, 7% used [0x00000000f9880000,0x00000000f9f48018,0x00000000ff600000)
  to   space 97280K, 0% used [0x00000000f3800000,0x00000000f3800000,0x00000000f9700000)
 ParOldGen       total 668160K, used 578645K [0x0000000080000000, 0x00000000a8c80000, 0x00000000d5580000)
  object space 668160K, 86% used [0x0000000080000000,0x00000000a35154e0,0x00000000a8c80000)
 Metaspace       used 138935K, capacity 148262K, committed 148480K, reserved 1179648K
  class space    used 17388K, capacity 19125K, committed 19200K, reserved 1048576K
}

